<?xml version="1.0" encoding="UTF-8"?>
<testng-results ignored="0" total="2" passed="1" failed="1" skipped="0">
  <reporter-output>
  </reporter-output>
  <suite started-at="2025-05-02T19:00:37 IST" name="Default suite" finished-at="2025-05-02T19:00:42 IST" duration-ms="4713">
    <groups>
    </groups>
    <test started-at="2025-05-02T19:00:37 IST" name="Default test" finished-at="2025-05-02T19:00:42 IST" duration-ms="4713">
      <class name="com.reqres.tests.ReqresApiTests">
        <test-method is-config="true" signature="setup()[pri:0, instance:com.reqres.tests.ReqresApiTests@22d9c961]" started-at="2025-05-02T19:00:37 IST" name="setup" finished-at="2025-05-02T19:00:39 IST" duration-ms="1227" status="PASS">
          <reporter-output>
          </reporter-output>
        </test-method> <!-- setup -->
        <test-method signature="testGetUserFail()[pri:0, instance:com.reqres.tests.ReqresApiTests@22d9c961]" started-at="2025-05-02T19:00:39 IST" name="testGetUserFail" finished-at="2025-05-02T19:00:42 IST" duration-ms="3022" status="FAIL">
          <exception class="java.lang.AssertionError">
            <message>
              <![CDATA[The following asserts failed:
Status code should be 200 expected [2000] but found [401],
User ID should be 2 expected [200] but found [2],
Email should match expected [aajanet.weaver@reqres.in] but found [janet.weaver@reqres.in]]]>
            </message>
            <full-stacktrace>
              <![CDATA[java.lang.AssertionError: The following asserts failed:
Status code should be 200 expected [2000] but found [401],
User ID should be 2 expected [200] but found [2],
Email should match expected [aajanet.weaver@reqres.in] but found [janet.weaver@reqres.in]
at org.testng.asserts.SoftAssert.assertAll(SoftAssert.java:46)
at org.testng.asserts.SoftAssert.assertAll(SoftAssert.java:30)
at com.reqres.tests.BaseTest.assertAll(BaseTest.java:23)
at com.reqres.tests.ReqresApiTests.testGetUserFail(ReqresApiTests.java:51)
at java.base/jdk.internal.reflect.DirectMethodHandleAccessor.invoke(DirectMethodHandleAccessor.java:103)
at java.base/java.lang.reflect.Method.invoke(Method.java:580)
at org.testng.internal.invokers.MethodInvocationHelper.invokeMethod(MethodInvocationHelper.java:139)
at org.testng.internal.invokers.TestInvoker.invokeMethod(TestInvoker.java:677)
at org.testng.internal.invokers.TestInvoker.invokeTestMethod(TestInvoker.java:221)
at org.testng.internal.invokers.MethodRunner.runInSequence(MethodRunner.java:50)
at org.testng.internal.invokers.TestInvoker$MethodInvocationAgent.invoke(TestInvoker.java:969)
at org.testng.internal.invokers.TestInvoker.invokeTestMethods(TestInvoker.java:194)
at org.testng.internal.invokers.TestMethodWorker.invokeTestMethods(TestMethodWorker.java:148)
at org.testng.internal.invokers.TestMethodWorker.run(TestMethodWorker.java:128)
at java.base/java.util.ArrayList.forEach(ArrayList.java:1596)
at org.testng.TestRunner.privateRun(TestRunner.java:829)
at org.testng.TestRunner.run(TestRunner.java:602)
at org.testng.SuiteRunner.runTest(SuiteRunner.java:437)
at org.testng.SuiteRunner.runSequentially(SuiteRunner.java:431)
at org.testng.SuiteRunner.privateRun(SuiteRunner.java:391)
at org.testng.SuiteRunner.run(SuiteRunner.java:330)
at org.testng.SuiteRunnerWorker.runSuite(SuiteRunnerWorker.java:52)
at org.testng.SuiteRunnerWorker.run(SuiteRunnerWorker.java:95)
at org.testng.TestNG.runSuitesSequentially(TestNG.java:1256)
at org.testng.TestNG.runSuitesLocally(TestNG.java:1176)
at org.testng.TestNG.runSuites(TestNG.java:1099)
at org.testng.TestNG.run(TestNG.java:1067)
at org.testng.remote.AbstractRemoteTestNG.run(AbstractRemoteTestNG.java:115)
at org.testng.remote.RemoteTestNG.initAndRun(RemoteTestNG.java:293)
at org.testng.remote.RemoteTestNG.main(RemoteTestNG.java:91)
]]>
            </full-stacktrace>
          </exception> <!-- java.lang.AssertionError -->
          <reporter-output>
          </reporter-output>
        </test-method> <!-- testGetUserFail -->
        <test-method is-config="true" signature="tearDown()[pri:0, instance:com.reqres.tests.ReqresApiTests@22d9c961]" started-at="2025-05-02T19:00:42 IST" name="tearDown" finished-at="2025-05-02T19:00:42 IST" duration-ms="1" status="PASS">
          <reporter-output>
          </reporter-output>
        </test-method> <!-- tearDown -->
        <test-method is-config="true" signature="setup()[pri:0, instance:com.reqres.tests.ReqresApiTests@22d9c961]" started-at="2025-05-02T19:00:42 IST" name="setup" finished-at="2025-05-02T19:00:42 IST" duration-ms="2" status="PASS">
          <reporter-output>
          </reporter-output>
        </test-method> <!-- setup -->
        <test-method signature="testGetUserPass()[pri:0, instance:com.reqres.tests.ReqresApiTests@22d9c961]" started-at="2025-05-02T19:00:42 IST" name="testGetUserPass" finished-at="2025-05-02T19:00:42 IST" duration-ms="188" status="PASS">
          <reporter-output>
          </reporter-output>
        </test-method> <!-- testGetUserPass -->
        <test-method is-config="true" signature="tearDown()[pri:0, instance:com.reqres.tests.ReqresApiTests@22d9c961]" started-at="2025-05-02T19:00:42 IST" name="tearDown" finished-at="2025-05-02T19:00:42 IST" duration-ms="2" status="PASS">
          <reporter-output>
          </reporter-output>
        </test-method> <!-- tearDown -->
      </class> <!-- com.reqres.tests.ReqresApiTests -->
    </test> <!-- Default test -->
  </suite> <!-- Default suite -->
</testng-results>
